<?xml version="1.0" encoding="UTF-8"?>
<!-- Generated by org.testng.reporters.JUnitReportReporter -->
<testsuite hostname="LAPTOP-9AVSRCSC" failures="0" tests="1" name="com.seleniummvn.NewTest1" time="5.016" errors="0" timestamp="2024-08-04T09:19:05 IST" skipped="0">
  <testcase classname="com.seleniummvn.NewTest1" name="test1" time="5.016"/>
  <system-out/>
</testsuite> <!-- com.seleniummvn.NewTest1 -->
